<?xml version="1.0" encoding="UTF-8" standalone="no"?>
<!DOCTYPE log SYSTEM "logger.dtd">
<log>
<record>
  <date>2019-05-23T13:58:58</date>
  <millis>1558637938740</millis>
  <sequence>0</sequence>
  <level>START</level>
  <class>com.kms.katalon.core.logging.XmlKeywordLogger</class>
  <method>startSuite</method>
  <thread>1</thread>
  <message>Start Test Suite : Test Suites/Forms-Standard</message>
  <nestedLevel>0</nestedLevel>
  <property name="name">Forms-Standard</property>
  <property name="description">Suite Containing CarFinder, ContactUs (email &amp; phone), FinanceForm, PartsForm (email &amp; phone), ScheduleServiceForm (email &amp; phone) for Leads Testing. WIP</property>
  <property name="id">Test Suites/Forms-Standard</property>
</record>
<record>
  <date>2019-05-23T13:58:58</date>
  <millis>1558637938752</millis>
  <sequence>1</sequence>
  <level>RUN_DATA</level>
  <class>com.kms.katalon.core.logging.XmlKeywordLogger</class>
  <method>logMessage</method>
  <thread>1</thread>
  <message>hostName = ricardo.martinez - 10.134.123.63</message>
  <nestedLevel>0</nestedLevel>
  <property name="hostName">ricardo.martinez - 10.134.123.63</property>
</record>
<record>
  <date>2019-05-23T13:58:58</date>
  <millis>1558637938752</millis>
  <sequence>2</sequence>
  <level>RUN_DATA</level>
  <class>com.kms.katalon.core.logging.XmlKeywordLogger</class>
  <method>logMessage</method>
  <thread>1</thread>
  <message>os = Mac OS X 64bit</message>
  <nestedLevel>0</nestedLevel>
  <property name="os">Mac OS X 64bit</property>
</record>
<record>
  <date>2019-05-23T13:58:58</date>
  <millis>1558637938753</millis>
  <sequence>3</sequence>
  <level>RUN_DATA</level>
  <class>com.kms.katalon.core.logging.XmlKeywordLogger</class>
  <method>logMessage</method>
  <thread>1</thread>
  <message>hostAddress = 10.134.123.63</message>
  <nestedLevel>0</nestedLevel>
  <property name="hostAddress">10.134.123.63</property>
</record>
<record>
  <date>2019-05-23T13:58:58</date>
  <millis>1558637938754</millis>
  <sequence>4</sequence>
  <level>RUN_DATA</level>
  <class>com.kms.katalon.core.logging.XmlKeywordLogger</class>
  <method>logMessage</method>
  <thread>1</thread>
  <message>katalonVersion = 6.1.5.3</message>
  <nestedLevel>0</nestedLevel>
  <property name="katalonVersion">6.1.5.3</property>
</record>
<record>
  <date>2019-05-23T13:58:58</date>
  <millis>1558637938898</millis>
  <sequence>5</sequence>
  <level>START</level>
  <class>com.kms.katalon.core.logging.XmlKeywordLogger</class>
  <method>startTest</method>
  <thread>1</thread>
  <message>Start Test Case : Test Cases/Forms_Standard/Order_Parts_Standard</message>
  <nestedLevel>1</nestedLevel>
  <property name="name">Test Cases/Forms_Standard/Order_Parts_Standard</property>
  <property name="description"></property>
  <property name="id">Test Cases/Forms_Standard/Order_Parts_Standard</property>
  <property name="source">\\Users\\ricardo.martinez\\git\\Katalon_casesMay22\\Katalon_cases\\Test Cases\\Forms_Standard\\Order_Parts_Standard.tc</property>
  <property name="tag"></property>
  <property name="isOptional">false</property>
</record>
<record>
  <date>2019-05-23T13:58:59</date>
  <millis>1558637939062</millis>
  <sequence>7</sequence>
  <level>START</level>
  <class>com.kms.katalon.core.logging.XmlKeywordLogger</class>
  <method>startKeyword</method>
  <thread>1</thread>
  <message>Start action : openBrowser(\&amp;quot;\&amp;quot;)</message>
  <nestedLevel>1</nestedLevel>
  <property name="startLine">16</property>
  <property name="stepIndex">1</property>
</record>
<record>
  <date>2019-05-23T13:58:59</date>
  <millis>1558637939266</millis>
  <sequence>9</sequence>
  <level>INFO</level>
  <class>com.kms.katalon.core.logging.XmlKeywordLogger</class>
  <method>logMessage</method>
  <thread>1</thread>
  <message>Starting &amp;apos;Chrome&amp;apos; driver</message>
  <nestedLevel>1</nestedLevel>
</record>
<record>
  <date>2019-05-23T13:58:59</date>
  <millis>1558637939283</millis>
  <sequence>10</sequence>
  <level>INFO</level>
  <class>com.kms.katalon.core.logging.XmlKeywordLogger</class>
  <method>logMessage</method>
  <thread>1</thread>
  <message>Action delay is set to 0 seconds</message>
  <nestedLevel>1</nestedLevel>
</record>
<record>
  <date>2019-05-23T13:59:00</date>
  <millis>1558637940947</millis>
  <sequence>12</sequence>
  <level>RUN_DATA</level>
  <class>com.kms.katalon.core.logging.XmlKeywordLogger</class>
  <method>logMessage</method>
  <thread>1</thread>
  <message>sessionId = 8682518f43eb9c6dd253a9b51cfe0069</message>
  <nestedLevel>1</nestedLevel>
  <property name="sessionId">8682518f43eb9c6dd253a9b51cfe0069</property>
</record>
<record>
  <date>2019-05-23T13:59:00</date>
  <millis>1558637940960</millis>
  <sequence>13</sequence>
  <level>RUN_DATA</level>
  <class>com.kms.katalon.core.logging.XmlKeywordLogger</class>
  <method>logMessage</method>
  <thread>1</thread>
  <message>browser = Chrome 74.0.3729.169</message>
  <nestedLevel>1</nestedLevel>
  <property name="browser">Chrome 74.0.3729.169</property>
</record>
<record>
  <date>2019-05-23T13:59:00</date>
  <millis>1558637940960</millis>
  <sequence>14</sequence>
  <level>RUN_DATA</level>
  <class>com.kms.katalon.core.logging.XmlKeywordLogger</class>
  <method>logMessage</method>
  <thread>1</thread>
  <message>platform = Mac OS X</message>
  <nestedLevel>1</nestedLevel>
  <property name="platform">Mac OS X</property>
</record>
<record>
  <date>2019-05-23T13:59:00</date>
  <millis>1558637940962</millis>
  <sequence>15</sequence>
  <level>RUN_DATA</level>
  <class>com.kms.katalon.core.logging.XmlKeywordLogger</class>
  <method>logMessage</method>
  <thread>1</thread>
  <message>seleniumVersion = 3.7.1</message>
  <nestedLevel>1</nestedLevel>
  <property name="seleniumVersion">3.7.1</property>
</record>
<record>
  <date>2019-05-23T13:59:00</date>
  <millis>1558637940963</millis>
  <sequence>16</sequence>
  <level>RUN_DATA</level>
  <class>com.kms.katalon.core.logging.XmlKeywordLogger</class>
  <method>logMessage</method>
  <thread>1</thread>
  <message>proxyInformation = ProxyInformation{proxyOption=NO_PROXY, proxyServerType=HTTP, password=, proxyServerAddress=, proxyServerPort=0}</message>
  <nestedLevel>1</nestedLevel>
  <property name="proxyInformation">ProxyInformation{proxyOption=NO_PROXY, proxyServerType=HTTP, password=, proxyServerAddress=, proxyServerPort=0}</property>
</record>
<record>
  <date>2019-05-23T13:59:00</date>
  <millis>1558637940963</millis>
  <sequence>17</sequence>
  <level>PASSED</level>
  <class>com.kms.katalon.core.logging.XmlKeywordLogger</class>
  <method>logMessage</method>
  <thread>1</thread>
  <message>Browser is opened with url: &amp;apos;&amp;apos;</message>
  <nestedLevel>1</nestedLevel>
</record>
<record>
  <date>2019-05-23T13:59:00</date>
  <millis>1558637940964</millis>
  <sequence>18</sequence>
  <level>END</level>
  <class>com.kms.katalon.core.logging.XmlKeywordLogger</class>
  <method>endKeyword</method>
  <thread>1</thread>
  <message>End action : openBrowser(\&amp;quot;\&amp;quot;)</message>
  <nestedLevel>1</nestedLevel>
</record>
<record>
  <date>2019-05-23T13:59:00</date>
  <millis>1558637940964</millis>
  <sequence>19</sequence>
  <level>START</level>
  <class>com.kms.katalon.core.logging.XmlKeywordLogger</class>
  <method>startKeyword</method>
  <thread>1</thread>
  <message>Start action : closeBrowser()</message>
  <nestedLevel>1</nestedLevel>
  <property name="startLine">18</property>
  <property name="stepIndex">2</property>
</record>
<record>
  <date>2019-05-23T13:59:01</date>
  <millis>1558637941054</millis>
  <sequence>21</sequence>
  <level>PASSED</level>
  <class>com.kms.katalon.core.logging.XmlKeywordLogger</class>
  <method>logMessage</method>
  <thread>1</thread>
  <message>Browser is closed</message>
  <nestedLevel>1</nestedLevel>
</record>
<record>
  <date>2019-05-23T13:59:01</date>
  <millis>1558637941055</millis>
  <sequence>22</sequence>
  <level>END</level>
  <class>com.kms.katalon.core.logging.XmlKeywordLogger</class>
  <method>endKeyword</method>
  <thread>1</thread>
  <message>End action : closeBrowser()</message>
  <nestedLevel>1</nestedLevel>
</record>
<record>
  <date>2019-05-23T13:59:01</date>
  <millis>1558637941055</millis>
  <sequence>23</sequence>
  <level>PASSED</level>
  <class>com.kms.katalon.core.logging.XmlKeywordLogger</class>
  <method>logMessage</method>
  <thread>1</thread>
  <message>Test Cases/Forms_Standard/Order_Parts_Standard</message>
  <nestedLevel>1</nestedLevel>
</record>
<record>
  <date>2019-05-23T13:59:01</date>
  <millis>1558637941055</millis>
  <sequence>24</sequence>
  <level>END</level>
  <class>com.kms.katalon.core.logging.XmlKeywordLogger</class>
  <method>endTest</method>
  <thread>1</thread>
  <message>End Test Case : Test Cases/Forms_Standard/Order_Parts_Standard</message>
  <nestedLevel>0</nestedLevel>
</record>
<record>
  <date>2019-05-23T13:59:01</date>
  <millis>1558637941060</millis>
  <sequence>25</sequence>
  <level>START</level>
  <class>com.kms.katalon.core.logging.XmlKeywordLogger</class>
  <method>startTest</method>
  <thread>1</thread>
  <message>Start Test Case : Test Cases/Forms_Standard/Contact_Us_Standard_Email</message>
  <nestedLevel>1</nestedLevel>
  <property name="name">Test Cases/Forms_Standard/Contact_Us_Standard_Email</property>
  <property name="description">Submit a Test Lead for Contact Us form</property>
  <property name="id">Test Cases/Forms_Standard/Contact_Us_Standard_Email</property>
  <property name="source">\\Users\\ricardo.martinez\\git\\Katalon_casesMay22\\Katalon_cases\\Test Cases\\Forms_Standard\\Contact_Us_Standard_Email.tc</property>
  <property name="tag">form, test lead</property>
  <property name="isOptional">false</property>
</record>
<record>
  <date>2019-05-23T13:59:01</date>
  <millis>1558637941177</millis>
  <sequence>27</sequence>
  <level>START</level>
  <class>com.kms.katalon.core.logging.XmlKeywordLogger</class>
  <method>startKeyword</method>
  <thread>1</thread>
  <message>Start action : openBrowser(\&amp;quot;\&amp;quot;)</message>
  <nestedLevel>1</nestedLevel>
  <property name="startLine">17</property>
  <property name="stepIndex">1</property>
  <property name="description">Open the Browser</property>
</record>
<record>
  <date>2019-05-23T13:59:01</date>
  <millis>1558637941181</millis>
  <sequence>29</sequence>
  <level>INFO</level>
  <class>com.kms.katalon.core.logging.XmlKeywordLogger</class>
  <method>logMessage</method>
  <thread>1</thread>
  <message>Starting &amp;apos;Chrome&amp;apos; driver</message>
  <nestedLevel>1</nestedLevel>
</record>
<record>
  <date>2019-05-23T13:59:02</date>
  <millis>1558637942178</millis>
  <sequence>31</sequence>
  <level>RUN_DATA</level>
  <class>com.kms.katalon.core.logging.XmlKeywordLogger</class>
  <method>logMessage</method>
  <thread>1</thread>
  <message>sessionId = f0da1b0810f48913d4668a2fce30d260</message>
  <nestedLevel>1</nestedLevel>
  <property name="sessionId">f0da1b0810f48913d4668a2fce30d260</property>
</record>
<record>
  <date>2019-05-23T13:59:02</date>
  <millis>1558637942186</millis>
  <sequence>32</sequence>
  <level>RUN_DATA</level>
  <class>com.kms.katalon.core.logging.XmlKeywordLogger</class>
  <method>logMessage</method>
  <thread>1</thread>
  <message>browser = Chrome 74.0.3729.169</message>
  <nestedLevel>1</nestedLevel>
  <property name="browser">Chrome 74.0.3729.169</property>
</record>
<record>
  <date>2019-05-23T13:59:02</date>
  <millis>1558637942187</millis>
  <sequence>33</sequence>
  <level>RUN_DATA</level>
  <class>com.kms.katalon.core.logging.XmlKeywordLogger</class>
  <method>logMessage</method>
  <thread>1</thread>
  <message>platform = Mac OS X</message>
  <nestedLevel>1</nestedLevel>
  <property name="platform">Mac OS X</property>
</record>
<record>
  <date>2019-05-23T13:59:02</date>
  <millis>1558637942187</millis>
  <sequence>34</sequence>
  <level>RUN_DATA</level>
  <class>com.kms.katalon.core.logging.XmlKeywordLogger</class>
  <method>logMessage</method>
  <thread>1</thread>
  <message>seleniumVersion = 3.7.1</message>
  <nestedLevel>1</nestedLevel>
  <property name="seleniumVersion">3.7.1</property>
</record>
<record>
  <date>2019-05-23T13:59:02</date>
  <millis>1558637942188</millis>
  <sequence>35</sequence>
  <level>RUN_DATA</level>
  <class>com.kms.katalon.core.logging.XmlKeywordLogger</class>
  <method>logMessage</method>
  <thread>1</thread>
  <message>proxyInformation = ProxyInformation{proxyOption=NO_PROXY, proxyServerType=HTTP, password=, proxyServerAddress=, proxyServerPort=0}</message>
  <nestedLevel>1</nestedLevel>
  <property name="proxyInformation">ProxyInformation{proxyOption=NO_PROXY, proxyServerType=HTTP, password=, proxyServerAddress=, proxyServerPort=0}</property>
</record>
<record>
  <date>2019-05-23T13:59:02</date>
  <millis>1558637942188</millis>
  <sequence>36</sequence>
  <level>PASSED</level>
  <class>com.kms.katalon.core.logging.XmlKeywordLogger</class>
  <method>logMessage</method>
  <thread>1</thread>
  <message>Browser is opened with url: &amp;apos;&amp;apos;</message>
  <nestedLevel>1</nestedLevel>
</record>
<record>
  <date>2019-05-23T13:59:02</date>
  <millis>1558637942189</millis>
  <sequence>37</sequence>
  <level>END</level>
  <class>com.kms.katalon.core.logging.XmlKeywordLogger</class>
  <method>endKeyword</method>
  <thread>1</thread>
  <message>End action : openBrowser(\&amp;quot;\&amp;quot;)</message>
  <nestedLevel>1</nestedLevel>
</record>
<record>
  <date>2019-05-23T13:59:02</date>
  <millis>1558637942190</millis>
  <sequence>38</sequence>
  <level>START</level>
  <class>com.kms.katalon.core.logging.XmlKeywordLogger</class>
  <method>startKeyword</method>
  <thread>1</thread>
  <message>Start action : contactURL = concatenate([URLBase, URLStubContact], STOP_ON_FAILURE)</message>
  <nestedLevel>1</nestedLevel>
  <property name="startLine">20</property>
  <property name="stepIndex">2</property>
  <property name="description">Get the Desired URL</property>
</record>
<record>
  <date>2019-05-23T13:59:02</date>
  <millis>1558637942442</millis>
  <sequence>41</sequence>
  <level>PASSED</level>
  <class>com.kms.katalon.core.logging.XmlKeywordLogger</class>
  <method>logMessage</method>
  <thread>1</thread>
  <message>Concatenated string array: &amp;apos;[&amp;apos;http://syedrahmansandbox.cms.dealer.com/&amp;apos;,&amp;apos;contact.htm&amp;apos;]&amp;apos; into &amp;apos;http://syedrahmansandbox.cms.dealer.com/contact.htm&amp;apos;</message>
  <nestedLevel>1</nestedLevel>
</record>
<record>
  <date>2019-05-23T13:59:02</date>
  <millis>1558637942443</millis>
  <sequence>42</sequence>
  <level>END</level>
  <class>com.kms.katalon.core.logging.XmlKeywordLogger</class>
  <method>endKeyword</method>
  <thread>1</thread>
  <message>End action : contactURL = concatenate([URLBase, URLStubContact], STOP_ON_FAILURE)</message>
  <nestedLevel>1</nestedLevel>
</record>
<record>
  <date>2019-05-23T13:59:02</date>
  <millis>1558637942443</millis>
  <sequence>43</sequence>
  <level>START</level>
  <class>com.kms.katalon.core.logging.XmlKeywordLogger</class>
  <method>startKeyword</method>
  <thread>1</thread>
  <message>Start action : navigateToUrl(contactURL)</message>
  <nestedLevel>1</nestedLevel>
  <property name="startLine">23</property>
  <property name="stepIndex">3</property>
  <property name="description">Open the Desired URL</property>
</record>
<record>
  <date>2019-05-23T13:59:03</date>
  <millis>1558637943860</millis>
  <sequence>46</sequence>
  <level>PASSED</level>
  <class>com.kms.katalon.core.logging.XmlKeywordLogger</class>
  <method>logMessage</method>
  <thread>1</thread>
  <message>Navigate to &amp;apos;http://syedrahmansandbox.cms.dealer.com/contact.htm&amp;apos; successfully</message>
  <nestedLevel>1</nestedLevel>
</record>
<record>
  <date>2019-05-23T13:59:03</date>
  <millis>1558637943860</millis>
  <sequence>47</sequence>
  <level>END</level>
  <class>com.kms.katalon.core.logging.XmlKeywordLogger</class>
  <method>endKeyword</method>
  <thread>1</thread>
  <message>End action : navigateToUrl(contactURL)</message>
  <nestedLevel>1</nestedLevel>
</record>
<record>
  <date>2019-05-23T13:59:03</date>
  <millis>1558637943861</millis>
  <sequence>48</sequence>
  <level>START</level>
  <class>com.kms.katalon.core.logging.XmlKeywordLogger</class>
  <method>startKeyword</method>
  <thread>1</thread>
  <message>Start action : setText(findTestObject(\&amp;quot;Forms_Standard/Contact_Us/FirstName\&amp;quot;), FirstName)</message>
  <nestedLevel>1</nestedLevel>
  <property name="startLine">26</property>
  <property name="stepIndex">4</property>
  <property name="description">Enter the First Name</property>
</record>
<record>
  <date>2019-05-23T13:59:04</date>
  <millis>1558637944100</millis>
  <sequence>57</sequence>
  <level>PASSED</level>
  <class>com.kms.katalon.core.logging.XmlKeywordLogger</class>
  <method>logMessage</method>
  <thread>1</thread>
  <message>Text &amp;apos;Dealer&amp;apos; is set on object &amp;apos;Object Repository/Forms_Standard/Contact_Us/FirstName&amp;apos;</message>
  <nestedLevel>1</nestedLevel>
</record>
<record>
  <date>2019-05-23T13:59:04</date>
  <millis>1558637944101</millis>
  <sequence>58</sequence>
  <level>END</level>
  <class>com.kms.katalon.core.logging.XmlKeywordLogger</class>
  <method>endKeyword</method>
  <thread>1</thread>
  <message>End action : setText(findTestObject(\&amp;quot;Forms_Standard/Contact_Us/FirstName\&amp;quot;), FirstName)</message>
  <nestedLevel>1</nestedLevel>
</record>
<record>
  <date>2019-05-23T13:59:04</date>
  <millis>1558637944101</millis>
  <sequence>59</sequence>
  <level>START</level>
  <class>com.kms.katalon.core.logging.XmlKeywordLogger</class>
  <method>startKeyword</method>
  <thread>1</thread>
  <message>Start action : setText(findTestObject(\&amp;quot;Forms_Standard/Contact_Us/LastName\&amp;quot;), LastName)</message>
  <nestedLevel>1</nestedLevel>
  <property name="startLine">29</property>
  <property name="stepIndex">5</property>
  <property name="description">Enter the Last Name</property>
</record>
<record>
  <date>2019-05-23T13:59:04</date>
  <millis>1558637944248</millis>
  <sequence>68</sequence>
  <level>PASSED</level>
  <class>com.kms.katalon.core.logging.XmlKeywordLogger</class>
  <method>logMessage</method>
  <thread>1</thread>
  <message>Text &amp;apos;Dealer.com&amp;apos; is set on object &amp;apos;Object Repository/Forms_Standard/Contact_Us/LastName&amp;apos;</message>
  <nestedLevel>1</nestedLevel>
</record>
<record>
  <date>2019-05-23T13:59:04</date>
  <millis>1558637944248</millis>
  <sequence>69</sequence>
  <level>END</level>
  <class>com.kms.katalon.core.logging.XmlKeywordLogger</class>
  <method>endKeyword</method>
  <thread>1</thread>
  <message>End action : setText(findTestObject(\&amp;quot;Forms_Standard/Contact_Us/LastName\&amp;quot;), LastName)</message>
  <nestedLevel>1</nestedLevel>
</record>
<record>
  <date>2019-05-23T13:59:04</date>
  <millis>1558637944249</millis>
  <sequence>70</sequence>
  <level>START</level>
  <class>com.kms.katalon.core.logging.XmlKeywordLogger</class>
  <method>startKeyword</method>
  <thread>1</thread>
  <message>Start action : selectOptionByLabel(findTestObject(\&amp;quot;Forms_Standard/Contact_Us/PreferredContact\&amp;quot;), \&amp;quot;Email\&amp;quot;, false)</message>
  <nestedLevel>1</nestedLevel>
  <property name="startLine">32</property>
  <property name="stepIndex">6</property>
  <property name="description">Select Contact Preference: Email</property>
</record>
<record>
  <date>2019-05-23T13:59:04</date>
  <millis>1558637944322</millis>
  <sequence>78</sequence>
  <level>PASSED</level>
  <class>com.kms.katalon.core.logging.XmlKeywordLogger</class>
  <method>logMessage</method>
  <thread>1</thread>
  <message>All options with label &amp;apos;Email&amp;apos; are selected in object &amp;apos;Object Repository/Forms_Standard/Contact_Us/PreferredContact&amp;apos; </message>
  <nestedLevel>1</nestedLevel>
</record>
<record>
  <date>2019-05-23T13:59:04</date>
  <millis>1558637944322</millis>
  <sequence>79</sequence>
  <level>END</level>
  <class>com.kms.katalon.core.logging.XmlKeywordLogger</class>
  <method>endKeyword</method>
  <thread>1</thread>
  <message>End action : selectOptionByLabel(findTestObject(\&amp;quot;Forms_Standard/Contact_Us/PreferredContact\&amp;quot;), \&amp;quot;Email\&amp;quot;, false)</message>
  <nestedLevel>1</nestedLevel>
</record>
<record>
  <date>2019-05-23T13:59:04</date>
  <millis>1558637944323</millis>
  <sequence>80</sequence>
  <level>START</level>
  <class>com.kms.katalon.core.logging.XmlKeywordLogger</class>
  <method>startKeyword</method>
  <thread>1</thread>
  <message>Start action : setText(findTestObject(\&amp;quot;Forms_Standard/Contact_Us/EmailAddress\&amp;quot;), Email)</message>
  <nestedLevel>1</nestedLevel>
  <property name="startLine">35</property>
  <property name="stepIndex">7</property>
  <property name="description">Enter the Email Address</property>
</record>
<record>
  <date>2019-05-23T13:59:04</date>
  <millis>1558637944475</millis>
  <sequence>89</sequence>
  <level>PASSED</level>
  <class>com.kms.katalon.core.logging.XmlKeywordLogger</class>
  <method>logMessage</method>
  <thread>1</thread>
  <message>Text &amp;apos;test@test.com&amp;apos; is set on object &amp;apos;Object Repository/Forms_Standard/Contact_Us/EmailAddress&amp;apos;</message>
  <nestedLevel>1</nestedLevel>
</record>
<record>
  <date>2019-05-23T13:59:04</date>
  <millis>1558637944476</millis>
  <sequence>90</sequence>
  <level>END</level>
  <class>com.kms.katalon.core.logging.XmlKeywordLogger</class>
  <method>endKeyword</method>
  <thread>1</thread>
  <message>End action : setText(findTestObject(\&amp;quot;Forms_Standard/Contact_Us/EmailAddress\&amp;quot;), Email)</message>
  <nestedLevel>1</nestedLevel>
</record>
<record>
  <date>2019-05-23T13:59:04</date>
  <millis>1558637944476</millis>
  <sequence>91</sequence>
  <level>START</level>
  <class>com.kms.katalon.core.logging.XmlKeywordLogger</class>
  <method>startKeyword</method>
  <thread>1</thread>
  <message>Start action : setText(findTestObject(\&amp;quot;Forms_Standard/Contact_Us/CommentForm\&amp;quot;), \&amp;quot;This is a Test Lead to verify the Contact Us form functionality using Phone as preferred method.\&amp;quot;)</message>
  <nestedLevel>1</nestedLevel>
  <property name="startLine">37</property>
  <property name="stepIndex">8</property>
</record>
<record>
  <date>2019-05-23T13:59:04</date>
  <millis>1558637944950</millis>
  <sequence>100</sequence>
  <level>PASSED</level>
  <class>com.kms.katalon.core.logging.XmlKeywordLogger</class>
  <method>logMessage</method>
  <thread>1</thread>
  <message>Text &amp;apos;This is a Test Lead to verify the Contact Us form functionality using Phone as preferred method.&amp;apos; is set on object &amp;apos;Object Repository/Forms_Standard/Contact_Us/CommentForm&amp;apos;</message>
  <nestedLevel>1</nestedLevel>
</record>
<record>
  <date>2019-05-23T13:59:04</date>
  <millis>1558637944951</millis>
  <sequence>101</sequence>
  <level>END</level>
  <class>com.kms.katalon.core.logging.XmlKeywordLogger</class>
  <method>endKeyword</method>
  <thread>1</thread>
  <message>End action : setText(findTestObject(\&amp;quot;Forms_Standard/Contact_Us/CommentForm\&amp;quot;), \&amp;quot;This is a Test Lead to verify the Contact Us form functionality using Phone as preferred method.\&amp;quot;)</message>
  <nestedLevel>1</nestedLevel>
</record>
<record>
  <date>2019-05-23T13:59:04</date>
  <millis>1558637944951</millis>
  <sequence>102</sequence>
  <level>START</level>
  <class>com.kms.katalon.core.logging.XmlKeywordLogger</class>
  <method>startKeyword</method>
  <thread>1</thread>
  <message>Start action : click(findTestObject(\&amp;quot;Forms_Standard/Contact_Us/SubmitButton\&amp;quot;))</message>
  <nestedLevel>1</nestedLevel>
  <property name="startLine">39</property>
  <property name="stepIndex">9</property>
</record>
<record>
  <date>2019-05-23T13:59:05</date>
  <millis>1558637945853</millis>
  <sequence>109</sequence>
  <level>PASSED</level>
  <class>com.kms.katalon.core.logging.XmlKeywordLogger</class>
  <method>logMessage</method>
  <thread>1</thread>
  <message>Object: &amp;apos;Object Repository/Forms_Standard/Contact_Us/SubmitButton&amp;apos; is clicked on</message>
  <nestedLevel>1</nestedLevel>
</record>
<record>
  <date>2019-05-23T13:59:05</date>
  <millis>1558637945853</millis>
  <sequence>110</sequence>
  <level>END</level>
  <class>com.kms.katalon.core.logging.XmlKeywordLogger</class>
  <method>endKeyword</method>
  <thread>1</thread>
  <message>End action : click(findTestObject(\&amp;quot;Forms_Standard/Contact_Us/SubmitButton\&amp;quot;))</message>
  <nestedLevel>1</nestedLevel>
</record>
<record>
  <date>2019-05-23T13:59:05</date>
  <millis>1558637945854</millis>
  <sequence>111</sequence>
  <level>START</level>
  <class>com.kms.katalon.core.logging.XmlKeywordLogger</class>
  <method>startKeyword</method>
  <thread>1</thread>
  <message>Start action : closeBrowser()</message>
  <nestedLevel>1</nestedLevel>
  <property name="startLine">41</property>
  <property name="stepIndex">10</property>
</record>
<record>
  <date>2019-05-23T13:59:05</date>
  <millis>1558637945948</millis>
  <sequence>113</sequence>
  <level>PASSED</level>
  <class>com.kms.katalon.core.logging.XmlKeywordLogger</class>
  <method>logMessage</method>
  <thread>1</thread>
  <message>Browser is closed</message>
  <nestedLevel>1</nestedLevel>
</record>
<record>
  <date>2019-05-23T13:59:05</date>
  <millis>1558637945948</millis>
  <sequence>114</sequence>
  <level>END</level>
  <class>com.kms.katalon.core.logging.XmlKeywordLogger</class>
  <method>endKeyword</method>
  <thread>1</thread>
  <message>End action : closeBrowser()</message>
  <nestedLevel>1</nestedLevel>
</record>
<record>
  <date>2019-05-23T13:59:05</date>
  <millis>1558637945948</millis>
  <sequence>115</sequence>
  <level>PASSED</level>
  <class>com.kms.katalon.core.logging.XmlKeywordLogger</class>
  <method>logMessage</method>
  <thread>1</thread>
  <message>Test Cases/Forms_Standard/Contact_Us_Standard_Email</message>
  <nestedLevel>1</nestedLevel>
</record>
<record>
  <date>2019-05-23T13:59:05</date>
  <millis>1558637945948</millis>
  <sequence>116</sequence>
  <level>END</level>
  <class>com.kms.katalon.core.logging.XmlKeywordLogger</class>
  <method>endTest</method>
  <thread>1</thread>
  <message>End Test Case : Test Cases/Forms_Standard/Contact_Us_Standard_Email</message>
  <nestedLevel>0</nestedLevel>
</record>
<record>
  <date>2019-05-23T13:59:05</date>
  <millis>1558637945951</millis>
  <sequence>117</sequence>
  <level>START</level>
  <class>com.kms.katalon.core.logging.XmlKeywordLogger</class>
  <method>startTest</method>
  <thread>1</thread>
  <message>Start Test Case : Test Cases/Forms_Standard/Contact_Us_Standard_Phone</message>
  <nestedLevel>1</nestedLevel>
  <property name="name">Test Cases/Forms_Standard/Contact_Us_Standard_Phone</property>
  <property name="description">Submit a Test Lead for Contact Us form</property>
  <property name="id">Test Cases/Forms_Standard/Contact_Us_Standard_Phone</property>
  <property name="source">\\Users\\ricardo.martinez\\git\\Katalon_casesMay22\\Katalon_cases\\Test Cases\\Forms_Standard\\Contact_Us_Standard_Phone.tc</property>
  <property name="tag">form, test lead</property>
  <property name="isOptional">false</property>
</record>
<record>
  <date>2019-05-23T13:59:06</date>
  <millis>1558637946031</millis>
  <sequence>119</sequence>
  <level>START</level>
  <class>com.kms.katalon.core.logging.XmlKeywordLogger</class>
  <method>startKeyword</method>
  <thread>1</thread>
  <message>Start action : openBrowser(\&amp;quot;\&amp;quot;)</message>
  <nestedLevel>1</nestedLevel>
  <property name="startLine">17</property>
  <property name="stepIndex">1</property>
  <property name="description">Open the Browser</property>
</record>
<record>
  <date>2019-05-23T13:59:06</date>
  <millis>1558637946034</millis>
  <sequence>121</sequence>
  <level>INFO</level>
  <class>com.kms.katalon.core.logging.XmlKeywordLogger</class>
  <method>logMessage</method>
  <thread>1</thread>
  <message>Starting &amp;apos;Chrome&amp;apos; driver</message>
  <nestedLevel>1</nestedLevel>
</record>
<record>
  <date>2019-05-23T13:59:07</date>
  <millis>1558637947084</millis>
  <sequence>123</sequence>
  <level>RUN_DATA</level>
  <class>com.kms.katalon.core.logging.XmlKeywordLogger</class>
  <method>logMessage</method>
  <thread>1</thread>
  <message>sessionId = fb6f413f94392dfd6d89c727b1cc8c70</message>
  <nestedLevel>1</nestedLevel>
  <property name="sessionId">fb6f413f94392dfd6d89c727b1cc8c70</property>
</record>
<record>
  <date>2019-05-23T13:59:07</date>
  <millis>1558637947095</millis>
  <sequence>124</sequence>
  <level>RUN_DATA</level>
  <class>com.kms.katalon.core.logging.XmlKeywordLogger</class>
  <method>logMessage</method>
  <thread>1</thread>
  <message>browser = Chrome 74.0.3729.169</message>
  <nestedLevel>1</nestedLevel>
  <property name="browser">Chrome 74.0.3729.169</property>
</record>
<record>
  <date>2019-05-23T13:59:07</date>
  <millis>1558637947096</millis>
  <sequence>125</sequence>
  <level>RUN_DATA</level>
  <class>com.kms.katalon.core.logging.XmlKeywordLogger</class>
  <method>logMessage</method>
  <thread>1</thread>
  <message>platform = Mac OS X</message>
  <nestedLevel>1</nestedLevel>
  <property name="platform">Mac OS X</property>
</record>
<record>
  <date>2019-05-23T13:59:07</date>
  <millis>1558637947096</millis>
  <sequence>126</sequence>
  <level>RUN_DATA</level>
  <class>com.kms.katalon.core.logging.XmlKeywordLogger</class>
  <method>logMessage</method>
  <thread>1</thread>
  <message>seleniumVersion = 3.7.1</message>
  <nestedLevel>1</nestedLevel>
  <property name="seleniumVersion">3.7.1</property>
</record>
<record>
  <date>2019-05-23T13:59:07</date>
  <millis>1558637947097</millis>
  <sequence>127</sequence>
  <level>RUN_DATA</level>
  <class>com.kms.katalon.core.logging.XmlKeywordLogger</class>
  <method>logMessage</method>
  <thread>1</thread>
  <message>proxyInformation = ProxyInformation{proxyOption=NO_PROXY, proxyServerType=HTTP, password=, proxyServerAddress=, proxyServerPort=0}</message>
  <nestedLevel>1</nestedLevel>
  <property name="proxyInformation">ProxyInformation{proxyOption=NO_PROXY, proxyServerType=HTTP, password=, proxyServerAddress=, proxyServerPort=0}</property>
</record>
<record>
  <date>2019-05-23T13:59:07</date>
  <millis>1558637947097</millis>
  <sequence>128</sequence>
  <level>PASSED</level>
  <class>com.kms.katalon.core.logging.XmlKeywordLogger</class>
  <method>logMessage</method>
  <thread>1</thread>
  <message>Browser is opened with url: &amp;apos;&amp;apos;</message>
  <nestedLevel>1</nestedLevel>
</record>
<record>
  <date>2019-05-23T13:59:07</date>
  <millis>1558637947098</millis>
  <sequence>129</sequence>
  <level>END</level>
  <class>com.kms.katalon.core.logging.XmlKeywordLogger</class>
  <method>endKeyword</method>
  <thread>1</thread>
  <message>End action : openBrowser(\&amp;quot;\&amp;quot;)</message>
  <nestedLevel>1</nestedLevel>
</record>
<record>
  <date>2019-05-23T13:59:07</date>
  <millis>1558637947098</millis>
  <sequence>130</sequence>
  <level>START</level>
  <class>com.kms.katalon.core.logging.XmlKeywordLogger</class>
  <method>startKeyword</method>
  <thread>1</thread>
  <message>Start action : contactURL = concatenate([URLBase, URLStubContact], STOP_ON_FAILURE)</message>
  <nestedLevel>1</nestedLevel>
  <property name="startLine">20</property>
  <property name="stepIndex">2</property>
  <property name="description">Get the Desired URL</property>
</record>
<record>
  <date>2019-05-23T13:59:07</date>
  <millis>1558637947100</millis>
  <sequence>133</sequence>
  <level>PASSED</level>
  <class>com.kms.katalon.core.logging.XmlKeywordLogger</class>
  <method>logMessage</method>
  <thread>1</thread>
  <message>Concatenated string array: &amp;apos;[&amp;apos;http://syedrahmansandbox.cms.dealer.com/&amp;apos;,&amp;apos;contact.htm&amp;apos;]&amp;apos; into &amp;apos;http://syedrahmansandbox.cms.dealer.com/contact.htm&amp;apos;</message>
  <nestedLevel>1</nestedLevel>
</record>
<record>
  <date>2019-05-23T13:59:07</date>
  <millis>1558637947101</millis>
  <sequence>134</sequence>
  <level>END</level>
  <class>com.kms.katalon.core.logging.XmlKeywordLogger</class>
  <method>endKeyword</method>
  <thread>1</thread>
  <message>End action : contactURL = concatenate([URLBase, URLStubContact], STOP_ON_FAILURE)</message>
  <nestedLevel>1</nestedLevel>
</record>
<record>
  <date>2019-05-23T13:59:07</date>
  <millis>1558637947101</millis>
  <sequence>135</sequence>
  <level>START</level>
  <class>com.kms.katalon.core.logging.XmlKeywordLogger</class>
  <method>startKeyword</method>
  <thread>1</thread>
  <message>Start action : navigateToUrl(contactURL)</message>
  <nestedLevel>1</nestedLevel>
  <property name="startLine">23</property>
  <property name="stepIndex">3</property>
  <property name="description">Open the Desired URL</property>
</record>
<record>
  <date>2019-05-23T13:59:08</date>
  <millis>1558637948283</millis>
  <sequence>138</sequence>
  <level>PASSED</level>
  <class>com.kms.katalon.core.logging.XmlKeywordLogger</class>
  <method>logMessage</method>
  <thread>1</thread>
  <message>Navigate to &amp;apos;http://syedrahmansandbox.cms.dealer.com/contact.htm&amp;apos; successfully</message>
  <nestedLevel>1</nestedLevel>
</record>
<record>
  <date>2019-05-23T13:59:08</date>
  <millis>1558637948284</millis>
  <sequence>139</sequence>
  <level>END</level>
  <class>com.kms.katalon.core.logging.XmlKeywordLogger</class>
  <method>endKeyword</method>
  <thread>1</thread>
  <message>End action : navigateToUrl(contactURL)</message>
  <nestedLevel>1</nestedLevel>
</record>
<record>
  <date>2019-05-23T13:59:08</date>
  <millis>1558637948284</millis>
  <sequence>140</sequence>
  <level>START</level>
  <class>com.kms.katalon.core.logging.XmlKeywordLogger</class>
  <method>startKeyword</method>
  <thread>1</thread>
  <message>Start action : setText(findTestObject(\&amp;quot;Forms_Standard/Contact_Us/FirstName\&amp;quot;), FirstName)</message>
  <nestedLevel>1</nestedLevel>
  <property name="startLine">26</property>
  <property name="stepIndex">4</property>
  <property name="description">Enter the First Name</property>
</record>
<record>
  <date>2019-05-23T13:59:08</date>
  <millis>1558637948496</millis>
  <sequence>149</sequence>
  <level>PASSED</level>
  <class>com.kms.katalon.core.logging.XmlKeywordLogger</class>
  <method>logMessage</method>
  <thread>1</thread>
  <message>Text &amp;apos;Dealer&amp;apos; is set on object &amp;apos;Object Repository/Forms_Standard/Contact_Us/FirstName&amp;apos;</message>
  <nestedLevel>1</nestedLevel>
</record>
<record>
  <date>2019-05-23T13:59:08</date>
  <millis>1558637948497</millis>
  <sequence>150</sequence>
  <level>END</level>
  <class>com.kms.katalon.core.logging.XmlKeywordLogger</class>
  <method>endKeyword</method>
  <thread>1</thread>
  <message>End action : setText(findTestObject(\&amp;quot;Forms_Standard/Contact_Us/FirstName\&amp;quot;), FirstName)</message>
  <nestedLevel>1</nestedLevel>
</record>
<record>
  <date>2019-05-23T13:59:08</date>
  <millis>1558637948497</millis>
  <sequence>151</sequence>
  <level>START</level>
  <class>com.kms.katalon.core.logging.XmlKeywordLogger</class>
  <method>startKeyword</method>
  <thread>1</thread>
  <message>Start action : setText(findTestObject(\&amp;quot;Forms_Standard/Contact_Us/LastName\&amp;quot;), LastName)</message>
  <nestedLevel>1</nestedLevel>
  <property name="startLine">29</property>
  <property name="stepIndex">5</property>
  <property name="description">Enter the Last Name</property>
</record>
<record>
  <date>2019-05-23T13:59:08</date>
  <millis>1558637948641</millis>
  <sequence>160</sequence>
  <level>PASSED</level>
  <class>com.kms.katalon.core.logging.XmlKeywordLogger</class>
  <method>logMessage</method>
  <thread>1</thread>
  <message>Text &amp;apos;Dealer.com&amp;apos; is set on object &amp;apos;Object Repository/Forms_Standard/Contact_Us/LastName&amp;apos;</message>
  <nestedLevel>1</nestedLevel>
</record>
<record>
  <date>2019-05-23T13:59:08</date>
  <millis>1558637948642</millis>
  <sequence>161</sequence>
  <level>END</level>
  <class>com.kms.katalon.core.logging.XmlKeywordLogger</class>
  <method>endKeyword</method>
  <thread>1</thread>
  <message>End action : setText(findTestObject(\&amp;quot;Forms_Standard/Contact_Us/LastName\&amp;quot;), LastName)</message>
  <nestedLevel>1</nestedLevel>
</record>
<record>
  <date>2019-05-23T13:59:08</date>
  <millis>1558637948642</millis>
  <sequence>162</sequence>
  <level>START</level>
  <class>com.kms.katalon.core.logging.XmlKeywordLogger</class>
  <method>startKeyword</method>
  <thread>1</thread>
  <message>Start action : selectOptionByLabel(findTestObject(\&amp;quot;Forms_Standard/Contact_Us/PreferredContact\&amp;quot;), \&amp;quot;Phone\&amp;quot;, false)</message>
  <nestedLevel>1</nestedLevel>
  <property name="startLine">32</property>
  <property name="stepIndex">6</property>
  <property name="description">Select Contact Preference: Email</property>
</record>
<record>
  <date>2019-05-23T13:59:08</date>
  <millis>1558637948766</millis>
  <sequence>170</sequence>
  <level>PASSED</level>
  <class>com.kms.katalon.core.logging.XmlKeywordLogger</class>
  <method>logMessage</method>
  <thread>1</thread>
  <message>All options with label &amp;apos;Phone&amp;apos; are selected in object &amp;apos;Object Repository/Forms_Standard/Contact_Us/PreferredContact&amp;apos; </message>
  <nestedLevel>1</nestedLevel>
</record>
<record>
  <date>2019-05-23T13:59:08</date>
  <millis>1558637948766</millis>
  <sequence>171</sequence>
  <level>END</level>
  <class>com.kms.katalon.core.logging.XmlKeywordLogger</class>
  <method>endKeyword</method>
  <thread>1</thread>
  <message>End action : selectOptionByLabel(findTestObject(\&amp;quot;Forms_Standard/Contact_Us/PreferredContact\&amp;quot;), \&amp;quot;Phone\&amp;quot;, false)</message>
  <nestedLevel>1</nestedLevel>
</record>
<record>
  <date>2019-05-23T13:59:08</date>
  <millis>1558637948767</millis>
  <sequence>172</sequence>
  <level>START</level>
  <class>com.kms.katalon.core.logging.XmlKeywordLogger</class>
  <method>startKeyword</method>
  <thread>1</thread>
  <message>Start action : setText(findTestObject(\&amp;quot;Forms_Standard/Contact_Us/PhoneNumber\&amp;quot;), PhoneNumber)</message>
  <nestedLevel>1</nestedLevel>
  <property name="startLine">35</property>
  <property name="stepIndex">7</property>
  <property name="description">Enter the Email Address</property>
</record>
<record>
  <date>2019-05-23T13:59:08</date>
  <millis>1558637948942</millis>
  <sequence>181</sequence>
  <level>PASSED</level>
  <class>com.kms.katalon.core.logging.XmlKeywordLogger</class>
  <method>logMessage</method>
  <thread>1</thread>
  <message>Text &amp;apos;802-555-5555&amp;apos; is set on object &amp;apos;Object Repository/Forms_Standard/Contact_Us/PhoneNumber&amp;apos;</message>
  <nestedLevel>1</nestedLevel>
</record>
<record>
  <date>2019-05-23T13:59:08</date>
  <millis>1558637948943</millis>
  <sequence>182</sequence>
  <level>END</level>
  <class>com.kms.katalon.core.logging.XmlKeywordLogger</class>
  <method>endKeyword</method>
  <thread>1</thread>
  <message>End action : setText(findTestObject(\&amp;quot;Forms_Standard/Contact_Us/PhoneNumber\&amp;quot;), PhoneNumber)</message>
  <nestedLevel>1</nestedLevel>
</record>
<record>
  <date>2019-05-23T13:59:08</date>
  <millis>1558637948943</millis>
  <sequence>183</sequence>
  <level>START</level>
  <class>com.kms.katalon.core.logging.XmlKeywordLogger</class>
  <method>startKeyword</method>
  <thread>1</thread>
  <message>Start action : setText(findTestObject(\&amp;quot;Forms_Standard/Contact_Us/CommentForm\&amp;quot;), \&amp;quot;This is a Test Lead to verify the Contact Us form functionality using Phone as preferred method.\&amp;quot;)</message>
  <nestedLevel>1</nestedLevel>
  <property name="startLine">37</property>
  <property name="stepIndex">8</property>
</record>
<record>
  <date>2019-05-23T13:59:09</date>
  <millis>1558637949453</millis>
  <sequence>192</sequence>
  <level>PASSED</level>
  <class>com.kms.katalon.core.logging.XmlKeywordLogger</class>
  <method>logMessage</method>
  <thread>1</thread>
  <message>Text &amp;apos;This is a Test Lead to verify the Contact Us form functionality using Phone as preferred method.&amp;apos; is set on object &amp;apos;Object Repository/Forms_Standard/Contact_Us/CommentForm&amp;apos;</message>
  <nestedLevel>1</nestedLevel>
</record>
<record>
  <date>2019-05-23T13:59:09</date>
  <millis>1558637949453</millis>
  <sequence>193</sequence>
  <level>END</level>
  <class>com.kms.katalon.core.logging.XmlKeywordLogger</class>
  <method>endKeyword</method>
  <thread>1</thread>
  <message>End action : setText(findTestObject(\&amp;quot;Forms_Standard/Contact_Us/CommentForm\&amp;quot;), \&amp;quot;This is a Test Lead to verify the Contact Us form functionality using Phone as preferred method.\&amp;quot;)</message>
  <nestedLevel>1</nestedLevel>
</record>
<record>
  <date>2019-05-23T13:59:09</date>
  <millis>1558637949454</millis>
  <sequence>194</sequence>
  <level>START</level>
  <class>com.kms.katalon.core.logging.XmlKeywordLogger</class>
  <method>startKeyword</method>
  <thread>1</thread>
  <message>Start action : click(findTestObject(\&amp;quot;Forms_Standard/Contact_Us/SubmitButton\&amp;quot;))</message>
  <nestedLevel>1</nestedLevel>
  <property name="startLine">39</property>
  <property name="stepIndex">9</property>
</record>
<record>
  <date>2019-05-23T13:59:10</date>
  <millis>1558637950424</millis>
  <sequence>201</sequence>
  <level>PASSED</level>
  <class>com.kms.katalon.core.logging.XmlKeywordLogger</class>
  <method>logMessage</method>
  <thread>1</thread>
  <message>Object: &amp;apos;Object Repository/Forms_Standard/Contact_Us/SubmitButton&amp;apos; is clicked on</message>
  <nestedLevel>1</nestedLevel>
</record>
<record>
  <date>2019-05-23T13:59:10</date>
  <millis>1558637950425</millis>
  <sequence>202</sequence>
  <level>END</level>
  <class>com.kms.katalon.core.logging.XmlKeywordLogger</class>
  <method>endKeyword</method>
  <thread>1</thread>
  <message>End action : click(findTestObject(\&amp;quot;Forms_Standard/Contact_Us/SubmitButton\&amp;quot;))</message>
  <nestedLevel>1</nestedLevel>
</record>
<record>
  <date>2019-05-23T13:59:10</date>
  <millis>1558637950425</millis>
  <sequence>203</sequence>
  <level>START</level>
  <class>com.kms.katalon.core.logging.XmlKeywordLogger</class>
  <method>startKeyword</method>
  <thread>1</thread>
  <message>Start action : closeBrowser()</message>
  <nestedLevel>1</nestedLevel>
  <property name="startLine">41</property>
  <property name="stepIndex">10</property>
</record>
<record>
  <date>2019-05-23T13:59:10</date>
  <millis>1558637950525</millis>
  <sequence>205</sequence>
  <level>PASSED</level>
  <class>com.kms.katalon.core.logging.XmlKeywordLogger</class>
  <method>logMessage</method>
  <thread>1</thread>
  <message>Browser is closed</message>
  <nestedLevel>1</nestedLevel>
</record>
<record>
  <date>2019-05-23T13:59:10</date>
  <millis>1558637950525</millis>
  <sequence>206</sequence>
  <level>END</level>
  <class>com.kms.katalon.core.logging.XmlKeywordLogger</class>
  <method>endKeyword</method>
  <thread>1</thread>
  <message>End action : closeBrowser()</message>
  <nestedLevel>1</nestedLevel>
</record>
<record>
  <date>2019-05-23T13:59:10</date>
  <millis>1558637950525</millis>
  <sequence>207</sequence>
  <level>PASSED</level>
  <class>com.kms.katalon.core.logging.XmlKeywordLogger</class>
  <method>logMessage</method>
  <thread>1</thread>
  <message>Test Cases/Forms_Standard/Contact_Us_Standard_Phone</message>
  <nestedLevel>1</nestedLevel>
</record>
<record>
  <date>2019-05-23T13:59:10</date>
  <millis>1558637950526</millis>
  <sequence>208</sequence>
  <level>END</level>
  <class>com.kms.katalon.core.logging.XmlKeywordLogger</class>
  <method>endTest</method>
  <thread>1</thread>
  <message>End Test Case : Test Cases/Forms_Standard/Contact_Us_Standard_Phone</message>
  <nestedLevel>0</nestedLevel>
</record>
<record>
  <date>2019-05-23T13:59:10</date>
  <millis>1558637950526</millis>
  <sequence>209</sequence>
  <level>START</level>
  <class>com.kms.katalon.core.logging.XmlKeywordLogger</class>
  <method>startKeyword</method>
  <thread>1</thread>
  <message>Start listener action : exportKatalonReports</message>
  <nestedLevel>0</nestedLevel>
</record>
<record>
  <date>2019-05-23T13:59:10</date>
  <millis>1558637950630</millis>
  <sequence>411</sequence>
  <level>INFO</level>
  <class>com.kms.katalon.core.logging.XmlKeywordLogger</class>
  <method>logMessage</method>
  <thread>1</thread>
  <message>Start generating HTML report folder at: /Users/ricardo.martinez/git/Katalon_casesMay22/Katalon_cases/Reports/Forms-Standard/20190523_135818...</message>
  <nestedLevel>0</nestedLevel>
</record>
<record>
  <date>2019-05-23T13:59:10</date>
  <millis>1558637950643</millis>
  <sequence>412</sequence>
  <level>INFO</level>
  <class>com.kms.katalon.core.logging.XmlKeywordLogger</class>
  <method>logMessage</method>
  <thread>1</thread>
  <message>HTML report generated</message>
  <nestedLevel>0</nestedLevel>
</record>
<record>
  <date>2019-05-23T13:59:10</date>
  <millis>1558637950643</millis>
  <sequence>413</sequence>
  <level>INFO</level>
  <class>com.kms.katalon.core.logging.XmlKeywordLogger</class>
  <method>logMessage</method>
  <thread>1</thread>
  <message>Start generating CSV report folder at: /Users/ricardo.martinez/git/Katalon_casesMay22/Katalon_cases/Reports/Forms-Standard/20190523_135818...</message>
  <nestedLevel>0</nestedLevel>
</record>
<record>
  <date>2019-05-23T13:59:10</date>
  <millis>1558637950658</millis>
  <sequence>414</sequence>
  <level>INFO</level>
  <class>com.kms.katalon.core.logging.XmlKeywordLogger</class>
  <method>logMessage</method>
  <thread>1</thread>
  <message>CSV report generated</message>
  <nestedLevel>0</nestedLevel>
</record>
<record>
  <date>2019-05-23T13:59:10</date>
  <millis>1558637950658</millis>
  <sequence>415</sequence>
  <level>INFO</level>
  <class>com.kms.katalon.core.logging.XmlKeywordLogger</class>
  <method>logMessage</method>
  <thread>1</thread>
  <message>Start generating JUnit report folder at: /Users/ricardo.martinez/git/Katalon_casesMay22/Katalon_cases/Reports/Forms-Standard/20190523_135818...</message>
  <nestedLevel>0</nestedLevel>
</record>
<record>
  <date>2019-05-23T13:59:10</date>
  <millis>1558637950785</millis>
  <sequence>416</sequence>
  <level>INFO</level>
  <class>com.kms.katalon.core.logging.XmlKeywordLogger</class>
  <method>logMessage</method>
  <thread>1</thread>
  <message>JUnit report generated</message>
  <nestedLevel>0</nestedLevel>
</record>
<record>
  <date>2019-05-23T13:59:10</date>
  <millis>1558637950785</millis>
  <sequence>418</sequence>
  <level>END</level>
  <class>com.kms.katalon.core.logging.XmlKeywordLogger</class>
  <method>endKeyword</method>
  <thread>1</thread>
  <message>End listener action : exportKatalonReports</message>
  <nestedLevel>0</nestedLevel>
</record>
<record>
  <date>2019-05-23T13:59:10</date>
  <millis>1558637950805</millis>
  <sequence>419</sequence>
  <level>END</level>
  <class>com.kms.katalon.core.logging.XmlKeywordLogger</class>
  <method>endSuite</method>
  <thread>1</thread>
  <message>End Test Suite : Test Suites/Forms-Standard</message>
  <nestedLevel>0</nestedLevel>
</record>
</log>